<?xml version="1.0" encoding="utf-8"?><testsuites><testsuite errors="0" failures="1" hostname="LAPTOP-96CDV04K" name="pytest" skipped="0" tests="10" time="52.504" timestamp="2022-11-19T18:21:24.764226"><testcase classname="test_marketplace" name="test_upload[gen-ssh-cert-service-component]" time="2.359"><failure message="AssertionError: b'Uploading blueprint getting_started/ssh_cert/blueprint.yaml...&#10;  \r blueprint.yaml |#############################----...dasd&#10;      ^&#10;  could not find expected \':\'&#10;    in &quot;&lt;unicode string&gt;&quot;, line 15, column 1:&#10;      node_templates:&#10;      ^.&#10;  '&#10;assert 1 == 0&#10; +  where 1 = CompletedProcess(args=['cfy', 'blueprints', 'upload', '-b', 'gen-ssh-cert-service-component', 'getting_started/ssh_cer...asd\n    ^\ncould not find expected \':\'\n  in &quot;&lt;unicode string&gt;&quot;, line 15, column 1:\n    node_templates:\n    ^.\n').returncode">id = 'gen-ssh-cert-service-component'

    @pytest.mark.upload
    @pytest.mark.parametrize("id", list(args_upload.keys())[:10])
    def test_upload(id):
        proc = subprocess.run(args_upload.get(id), stdout=subprocess.PIPE)
&gt;       assert proc.returncode == 0, proc.stdout
E       AssertionError: b'Uploading blueprint getting_started/ssh_cert/blueprint.yaml...
E         \r blueprint.yaml |#############################----...dasd
E             ^
E         could not find expected \':\'
E           in "&lt;unicode string&gt;", line 15, column 1:
E             node_templates:
E             ^.
E         '
E       assert 1 == 0
E        +  where 1 = CompletedProcess(args=['cfy', 'blueprints', 'upload', '-b', 'gen-ssh-cert-service-component', 'getting_started/ssh_cer...asd\n    ^\ncould not find expected \':\'\n  in "&lt;unicode string&gt;", line 15, column 1:\n    node_templates:\n    ^.\n').returncode

test_marketplace.py:22: AssertionError</failure></testcase><testcase classname="test_marketplace" name="test_upload[ex4-nested-blueprint]" time="3.462" /><testcase classname="test_marketplace" name="test_upload[ex3-relationship-blueprint]" time="3.369" /><testcase classname="test_marketplace" name="test_upload[ex2-node-type-blueprint]" time="3.488" /><testcase classname="test_marketplace" name="test_upload[ex1-input-output-blueprint]" time="3.721" /><testcase classname="test_marketplace" name="test_upload[Multi-Tier-Example]" time="3.797" /><testcase classname="test_marketplace" name="test_upload[Nested-Example]" time="3.549" /><testcase classname="test_marketplace" name="test_upload[EnvironmentAWS]" time="10.306" /><testcase classname="test_marketplace" name="test_upload[EnvironmentAzure]" time="3.679" /><testcase classname="test_marketplace" name="test_upload[EksAWS]" time="14.388" /></testsuite></testsuites>